===2023-04-19 14:50:37.699 [restartedMain] INFO  com.emmett.auto_check.AutoCheckApplication Line:51  - Starting AutoCheckApplication using Java 19.0.1 with PID 20728 (/Users/emmett/IdeaProjects/auto_check/build/classes/java/main started by emmett in /Users/emmett/IdeaProjects/auto_check)
===2023-04-19 14:50:37.700 [restartedMain] INFO  com.emmett.auto_check.AutoCheckApplication Line:638 - The following 1 profile is active: "dev"
===2023-04-19 14:50:37.724 [restartedMain] INFO  org.springframework.boot.devtools.env.DevToolsPropertyDefaultsPostProcessor Line:250 - Devtools property defaults active! Set 'spring.devtools.add-properties' to 'false' to disable
===2023-04-19 14:50:37.724 [restartedMain] INFO  org.springframework.boot.devtools.env.DevToolsPropertyDefaultsPostProcessor Line:250 - For additional web related logging consider setting the 'logging.level.web' property to 'DEBUG'
===2023-04-19 14:50:38.125 [restartedMain] INFO  org.springframework.context.support.PostProcessorRegistrationDelegate$BeanPostProcessorChecker Line:409 - Bean 'org.springframework.ws.config.annotation.DelegatingWsConfiguration' of type [org.springframework.ws.config.annotation.DelegatingWsConfiguration$$SpringCGLIB$$0] is not eligible for getting processed by all BeanPostProcessors (for example: not eligible for auto-proxying)
===2023-04-19 14:50:38.136 [restartedMain] INFO  org.springframework.ws.soap.addressing.server.AnnotationActionEndpointMapping Line:239 - Supporting [WS-Addressing August 2004, WS-Addressing 1.0]
===2023-04-19 14:50:38.275 [restartedMain] INFO  org.springframework.boot.web.embedded.tomcat.TomcatWebServer Line:108 - Tomcat initialized with port(s): 8088 (http)
===2023-04-19 14:50:38.303 [restartedMain] INFO  org.springframework.boot.web.servlet.context.ServletWebServerApplicationContext Line:291 - Root WebApplicationContext: initialization completed in 578 ms
===2023-04-19 14:50:38.663 [restartedMain] INFO  org.springframework.boot.devtools.autoconfigure.OptionalLiveReloadServer Line:59  - LiveReload server is running on port 35729
===2023-04-19 14:50:38.679 [restartedMain] INFO  org.springframework.boot.web.embedded.tomcat.TomcatWebServer Line:220 - Tomcat started on port(s): 8088 (http) with context path ''
===2023-04-19 14:50:38.685 [restartedMain] INFO  com.emmett.auto_check.AutoCheckApplication Line:57  - Started AutoCheckApplication in 1.257 seconds (process running for 1.559)
===2023-04-19 14:50:38.687 [restartedMain] INFO  E Line:37  - D:\AutoCheck\SysConfig.txt (No such file or directory)
===2023-04-19 14:50:38.687 [restartedMain] INFO  com.emmett.auto_check.AutoCheckApplication Line:38  - D:\AutoCheck\SysConfig.txt (No such file or directory)
===2023-04-19 14:50:51.405 [restartedMain] INFO  com.emmett.auto_check.AutoCheckApplication Line:51  - Starting AutoCheckApplication using Java 19.0.1 with PID 20746 (/Users/emmett/IdeaProjects/auto_check/build/classes/java/main started by emmett in /Users/emmett/IdeaProjects/auto_check)
===2023-04-19 14:50:51.407 [restartedMain] INFO  com.emmett.auto_check.AutoCheckApplication Line:638 - The following 1 profile is active: "dev"
===2023-04-19 14:50:51.440 [restartedMain] INFO  org.springframework.boot.devtools.env.DevToolsPropertyDefaultsPostProcessor Line:250 - Devtools property defaults active! Set 'spring.devtools.add-properties' to 'false' to disable
===2023-04-19 14:50:51.441 [restartedMain] INFO  org.springframework.boot.devtools.env.DevToolsPropertyDefaultsPostProcessor Line:250 - For additional web related logging consider setting the 'logging.level.web' property to 'DEBUG'
===2023-04-19 14:50:51.895 [restartedMain] INFO  org.springframework.context.support.PostProcessorRegistrationDelegate$BeanPostProcessorChecker Line:409 - Bean 'org.springframework.ws.config.annotation.DelegatingWsConfiguration' of type [org.springframework.ws.config.annotation.DelegatingWsConfiguration$$SpringCGLIB$$0] is not eligible for getting processed by all BeanPostProcessors (for example: not eligible for auto-proxying)
===2023-04-19 14:50:51.908 [restartedMain] INFO  org.springframework.ws.soap.addressing.server.AnnotationActionEndpointMapping Line:239 - Supporting [WS-Addressing August 2004, WS-Addressing 1.0]
===2023-04-19 14:50:52.057 [restartedMain] INFO  org.springframework.boot.web.embedded.tomcat.TomcatWebServer Line:108 - Tomcat initialized with port(s): 8088 (http)
===2023-04-19 14:50:52.089 [restartedMain] INFO  org.springframework.boot.web.servlet.context.ServletWebServerApplicationContext Line:291 - Root WebApplicationContext: initialization completed in 648 ms
===2023-04-19 14:50:52.579 [restartedMain] INFO  org.springframework.boot.devtools.autoconfigure.OptionalLiveReloadServer Line:59  - LiveReload server is running on port 35729
===2023-04-19 14:50:52.611 [restartedMain] INFO  org.springframework.boot.web.embedded.tomcat.TomcatWebServer Line:220 - Tomcat started on port(s): 8088 (http) with context path ''
===2023-04-19 14:50:52.624 [restartedMain] INFO  com.emmett.auto_check.AutoCheckApplication Line:57  - Started AutoCheckApplication in 1.598 seconds (process running for 2.016)
===2023-04-19 14:50:52.628 [restartedMain] INFO  E Line:37  - D:\AutoCheck\SysConfig.txt (No such file or directory)
===2023-04-19 14:50:52.629 [restartedMain] INFO  com.emmett.auto_check.AutoCheckApplication Line:38  - D:\AutoCheck\SysConfig.txt (No such file or directory)
